[Sun, 24 Nov 19 13:36:44 +0000][debug] Avant accès
[Sun, 24 Nov 19 13:36:44 +0000][debug] Rôle actif : clients
[Sun, 24 Nov 19 13:36:44 +0000][debug] Contrôleur : index
[Sun, 24 Nov 19 13:36:44 +0000][debug] Action : heritageRole
[Sun, 24 Nov 19 13:36:44 +0000][debug] Après accès
[Sun, 24 Nov 19 13:36:44 +0000][debug] Rôle actif : clients
[Sun, 24 Nov 19 13:36:44 +0000][debug] Contrôleur : index
[Sun, 24 Nov 19 13:36:44 +0000][debug] Action : heritageRole
[Sun, 24 Nov 19 13:36:44 +0000][debug] Avant accès
[Sun, 24 Nov 19 13:36:44 +0000][debug] Rôle actif : clients
[Sun, 24 Nov 19 13:36:44 +0000][debug] Contrôleur : erreurs
[Sun, 24 Nov 19 13:36:44 +0000][debug] Action : code401
[Sun, 24 Nov 19 13:36:44 +0000][debug] Après accès
[Sun, 24 Nov 19 13:36:44 +0000][debug] Rôle actif : clients
[Sun, 24 Nov 19 13:36:44 +0000][debug] Contrôleur : erreurs
[Sun, 24 Nov 19 13:36:44 +0000][debug] Action : code401
[Sun, 24 Nov 19 13:36:46 +0000][debug] Avant accès
[Sun, 24 Nov 19 13:36:46 +0000][debug] Rôle actif : clients
[Sun, 24 Nov 19 13:36:46 +0000][debug] Contrôleur : index
[Sun, 24 Nov 19 13:36:46 +0000][debug] Action : index
[Sun, 24 Nov 19 13:36:46 +0000][debug] Après accès
[Sun, 24 Nov 19 13:36:46 +0000][debug] Rôle actif : clients
[Sun, 24 Nov 19 13:36:46 +0000][debug] Contrôleur : index
[Sun, 24 Nov 19 13:36:46 +0000][debug] Action : index
[Sun, 24 Nov 19 13:37:25 +0000][debug] Avant accès
[Sun, 24 Nov 19 13:37:25 +0000][debug] Rôle actif : clients
[Sun, 24 Nov 19 13:37:25 +0000][debug] Contrôleur : index
[Sun, 24 Nov 19 13:37:25 +0000][debug] Action : index
[Sun, 24 Nov 19 13:37:25 +0000][debug] Après accès
[Sun, 24 Nov 19 13:37:25 +0000][debug] Rôle actif : clients
[Sun, 24 Nov 19 13:37:25 +0000][debug] Contrôleur : index
[Sun, 24 Nov 19 13:37:25 +0000][debug] Action : index
[Sun, 24 Nov 19 13:37:54 +0000][debug] Avant accès
[Sun, 24 Nov 19 13:37:54 +0000][debug] Rôle actif : clients
[Sun, 24 Nov 19 13:37:54 +0000][debug] Contrôleur : index
[Sun, 24 Nov 19 13:37:54 +0000][debug] Action : index
[Sun, 24 Nov 19 13:37:54 +0000][debug] Après accès
[Sun, 24 Nov 19 13:37:54 +0000][debug] Rôle actif : clients
[Sun, 24 Nov 19 13:37:54 +0000][debug] Contrôleur : index
[Sun, 24 Nov 19 13:37:54 +0000][debug] Action : index
[Sun, 24 Nov 19 13:38:27 +0000][debug] Avant accès
[Sun, 24 Nov 19 13:38:27 +0000][debug] Rôle actif : clients
[Sun, 24 Nov 19 13:38:27 +0000][debug] Contrôleur : index
[Sun, 24 Nov 19 13:38:27 +0000][debug] Action : index
[Sun, 24 Nov 19 13:38:27 +0000][debug] Après accès
[Sun, 24 Nov 19 13:38:27 +0000][debug] Rôle actif : clients
[Sun, 24 Nov 19 13:38:27 +0000][debug] Contrôleur : index
[Sun, 24 Nov 19 13:38:27 +0000][debug] Action : index
[Sun, 24 Nov 19 13:38:29 +0000][debug] Avant accès
[Sun, 24 Nov 19 13:38:29 +0000][debug] Rôle actif : clients
[Sun, 24 Nov 19 13:38:29 +0000][debug] Contrôleur : vendeurs
[Sun, 24 Nov 19 13:38:29 +0000][debug] Action : profil
[Sun, 24 Nov 19 13:38:29 +0000][debug] Après accès
[Sun, 24 Nov 19 13:38:29 +0000][debug] Rôle actif : clients
[Sun, 24 Nov 19 13:38:29 +0000][debug] Contrôleur : vendeurs
[Sun, 24 Nov 19 13:38:29 +0000][debug] Action : profil
[Sun, 24 Nov 19 13:38:29 +0000][debug] Avant accès
[Sun, 24 Nov 19 13:38:29 +0000][debug] Rôle actif : clients
[Sun, 24 Nov 19 13:38:29 +0000][debug] Contrôleur : erreurs
[Sun, 24 Nov 19 13:38:29 +0000][debug] Action : code401
[Sun, 24 Nov 19 13:38:29 +0000][debug] Après accès
[Sun, 24 Nov 19 13:38:29 +0000][debug] Rôle actif : clients
[Sun, 24 Nov 19 13:38:29 +0000][debug] Contrôleur : erreurs
[Sun, 24 Nov 19 13:38:29 +0000][debug] Action : code401
[Sun, 24 Nov 19 13:38:30 +0000][debug] Avant accès
[Sun, 24 Nov 19 13:38:30 +0000][debug] Rôle actif : clients
[Sun, 24 Nov 19 13:38:30 +0000][debug] Contrôleur : index
[Sun, 24 Nov 19 13:38:30 +0000][debug] Action : index
[Sun, 24 Nov 19 13:38:30 +0000][debug] Après accès
[Sun, 24 Nov 19 13:38:30 +0000][debug] Rôle actif : clients
[Sun, 24 Nov 19 13:38:30 +0000][debug] Contrôleur : index
[Sun, 24 Nov 19 13:38:30 +0000][debug] Action : index
[Sun, 24 Nov 19 13:38:53 +0000][debug] Avant accès
[Sun, 24 Nov 19 13:38:53 +0000][debug] Rôle actif : clients
[Sun, 24 Nov 19 13:38:53 +0000][debug] Contrôleur : index
[Sun, 24 Nov 19 13:38:53 +0000][debug] Action : index
[Sun, 24 Nov 19 13:38:53 +0000][debug] Après accès
[Sun, 24 Nov 19 13:38:53 +0000][debug] Rôle actif : clients
[Sun, 24 Nov 19 13:38:53 +0000][debug] Contrôleur : index
[Sun, 24 Nov 19 13:38:53 +0000][debug] Action : index
[Sun, 24 Nov 19 13:39:21 +0000][debug] Avant accès
[Sun, 24 Nov 19 13:39:21 +0000][debug] Rôle actif : clients
[Sun, 24 Nov 19 13:39:21 +0000][debug] Contrôleur : index
[Sun, 24 Nov 19 13:39:21 +0000][debug] Action : index
[Sun, 24 Nov 19 13:39:21 +0000][debug] Après accès
[Sun, 24 Nov 19 13:39:21 +0000][debug] Rôle actif : clients
[Sun, 24 Nov 19 13:39:21 +0000][debug] Contrôleur : index
[Sun, 24 Nov 19 13:39:21 +0000][debug] Action : index
[Sun, 24 Nov 19 13:39:22 +0000][debug] Avant accès
[Sun, 24 Nov 19 13:39:22 +0000][debug] Rôle actif : clients
[Sun, 24 Nov 19 13:39:22 +0000][debug] Contrôleur : clients
[Sun, 24 Nov 19 13:39:22 +0000][debug] Action : profil
[Sun, 24 Nov 19 13:39:22 +0000][debug] Après accès
[Sun, 24 Nov 19 13:39:22 +0000][debug] Rôle actif : clients
[Sun, 24 Nov 19 13:39:22 +0000][debug] Contrôleur : clients
[Sun, 24 Nov 19 13:39:22 +0000][debug] Action : profil
[Sun, 24 Nov 19 13:39:23 +0000][debug] Avant accès
[Sun, 24 Nov 19 13:39:23 +0000][debug] Rôle actif : clients
[Sun, 24 Nov 19 13:39:23 +0000][debug] Contrôleur : index
[Sun, 24 Nov 19 13:39:23 +0000][debug] Action : index
[Sun, 24 Nov 19 13:39:23 +0000][debug] Après accès
[Sun, 24 Nov 19 13:39:23 +0000][debug] Rôle actif : clients
[Sun, 24 Nov 19 13:39:23 +0000][debug] Contrôleur : index
[Sun, 24 Nov 19 13:39:23 +0000][debug] Action : index
[Sun, 24 Nov 19 13:39:24 +0000][debug] Avant accès
[Sun, 24 Nov 19 13:39:24 +0000][debug] Rôle actif : clients
[Sun, 24 Nov 19 13:39:24 +0000][debug] Contrôleur : vendeurs
[Sun, 24 Nov 19 13:39:24 +0000][debug] Action : profil
[Sun, 24 Nov 19 13:39:24 +0000][debug] Après accès
[Sun, 24 Nov 19 13:39:24 +0000][debug] Rôle actif : clients
[Sun, 24 Nov 19 13:39:24 +0000][debug] Contrôleur : vendeurs
[Sun, 24 Nov 19 13:39:24 +0000][debug] Action : profil
[Sun, 24 Nov 19 13:39:24 +0000][debug] Avant accès
[Sun, 24 Nov 19 13:39:24 +0000][debug] Rôle actif : clients
[Sun, 24 Nov 19 13:39:24 +0000][debug] Contrôleur : erreurs
[Sun, 24 Nov 19 13:39:24 +0000][debug] Action : code401
[Sun, 24 Nov 19 13:39:24 +0000][debug] Après accès
[Sun, 24 Nov 19 13:39:24 +0000][debug] Rôle actif : clients
[Sun, 24 Nov 19 13:39:24 +0000][debug] Contrôleur : erreurs
[Sun, 24 Nov 19 13:39:24 +0000][debug] Action : code401
[Sun, 24 Nov 19 13:40:07 +0000][debug] Avant accès
[Sun, 24 Nov 19 13:40:07 +0000][debug] Rôle actif : clients
[Sun, 24 Nov 19 13:40:07 +0000][debug] Contrôleur : index
[Sun, 24 Nov 19 13:40:07 +0000][debug] Action : index
[Sun, 24 Nov 19 13:40:07 +0000][debug] Après accès
[Sun, 24 Nov 19 13:40:07 +0000][debug] Rôle actif : clients
[Sun, 24 Nov 19 13:40:07 +0000][debug] Contrôleur : index
[Sun, 24 Nov 19 13:40:07 +0000][debug] Action : index
[Sun, 24 Nov 19 13:40:09 +0000][debug] Avant accès
[Sun, 24 Nov 19 13:40:09 +0000][debug] Rôle actif : clients
[Sun, 24 Nov 19 13:40:09 +0000][debug] Contrôleur : index
[Sun, 24 Nov 19 13:40:09 +0000][debug] Action : fonctionVerificationAvance
[Sun, 24 Nov 19 13:40:09 +0000][debug] Après accès
[Sun, 24 Nov 19 13:40:09 +0000][debug] Rôle actif : clients
[Sun, 24 Nov 19 13:40:09 +0000][debug] Contrôleur : index
[Sun, 24 Nov 19 13:40:09 +0000][debug] Action : fonctionVerificationAvance
[Sun, 24 Nov 19 13:40:09 +0000][debug] Avant accès
[Sun, 24 Nov 19 13:40:09 +0000][debug] Rôle actif : clients
[Sun, 24 Nov 19 13:40:09 +0000][debug] Contrôleur : erreurs
[Sun, 24 Nov 19 13:40:09 +0000][debug] Action : code401
[Sun, 24 Nov 19 13:40:09 +0000][debug] Après accès
[Sun, 24 Nov 19 13:40:09 +0000][debug] Rôle actif : clients
[Sun, 24 Nov 19 13:40:09 +0000][debug] Contrôleur : erreurs
[Sun, 24 Nov 19 13:40:09 +0000][debug] Action : code401
[Sun, 24 Nov 19 13:47:20 +0000][debug] Avant accès
[Sun, 24 Nov 19 13:47:20 +0000][debug] Rôle actif : clients
[Sun, 24 Nov 19 13:47:20 +0000][debug] Contrôleur : index
[Sun, 24 Nov 19 13:47:20 +0000][debug] Action : index
[Sun, 24 Nov 19 13:47:20 +0000][debug] Après accès
[Sun, 24 Nov 19 13:47:20 +0000][debug] Rôle actif : clients
[Sun, 24 Nov 19 13:47:20 +0000][debug] Contrôleur : index
[Sun, 24 Nov 19 13:47:20 +0000][debug] Action : index
[Sun, 24 Nov 19 13:47:21 +0000][debug] Avant accès
[Sun, 24 Nov 19 13:47:21 +0000][debug] Rôle actif : clients
[Sun, 24 Nov 19 13:47:21 +0000][debug] Contrôleur : index
[Sun, 24 Nov 19 13:47:21 +0000][debug] Action : fonctionVerificationAvance
[Sun, 24 Nov 19 13:47:21 +0000][debug] Après accès
[Sun, 24 Nov 19 13:47:21 +0000][debug] Rôle actif : clients
[Sun, 24 Nov 19 13:47:21 +0000][debug] Contrôleur : index
[Sun, 24 Nov 19 13:47:21 +0000][debug] Action : fonctionVerificationAvance
[Sun, 24 Nov 19 13:47:21 +0000][debug] Avant accès
[Sun, 24 Nov 19 13:47:21 +0000][debug] Rôle actif : clients
[Sun, 24 Nov 19 13:47:21 +0000][debug] Contrôleur : erreurs
[Sun, 24 Nov 19 13:47:21 +0000][debug] Action : code401
[Sun, 24 Nov 19 13:47:21 +0000][debug] Après accès
[Sun, 24 Nov 19 13:47:21 +0000][debug] Rôle actif : clients
[Sun, 24 Nov 19 13:47:21 +0000][debug] Contrôleur : erreurs
[Sun, 24 Nov 19 13:47:21 +0000][debug] Action : code401
[Sun, 24 Nov 19 13:47:23 +0000][debug] Avant accès
[Sun, 24 Nov 19 13:47:23 +0000][debug] Rôle actif : clients
[Sun, 24 Nov 19 13:47:23 +0000][debug] Contrôleur : index
[Sun, 24 Nov 19 13:47:23 +0000][debug] Action : index
[Sun, 24 Nov 19 13:47:23 +0000][debug] Après accès
[Sun, 24 Nov 19 13:47:23 +0000][debug] Rôle actif : clients
[Sun, 24 Nov 19 13:47:23 +0000][debug] Contrôleur : index
[Sun, 24 Nov 19 13:47:23 +0000][debug] Action : index
[Sun, 24 Nov 19 13:47:24 +0000][debug] Avant accès
[Sun, 24 Nov 19 13:47:24 +0000][debug] Rôle actif : clients
[Sun, 24 Nov 19 13:47:24 +0000][debug] Contrôleur : index
[Sun, 24 Nov 19 13:47:24 +0000][debug] Action : deconnexion
[Sun, 24 Nov 19 13:47:24 +0000][debug] Après accès
[Sun, 24 Nov 19 13:47:24 +0000][debug] Rôle actif : clients
[Sun, 24 Nov 19 13:47:24 +0000][debug] Contrôleur : index
[Sun, 24 Nov 19 13:47:24 +0000][debug] Action : deconnexion[2020-01-02T13:20:45+00:00][debug] Avant accès
[2020-01-02T13:20:45+00:00][debug] Rôle actif : vendeurs
[2020-01-02T13:20:45+00:00][debug] Contrôleur : index
[2020-01-02T13:20:45+00:00][debug] Action : index
[2020-01-02T13:20:45+00:00][debug] Après accès
[2020-01-02T13:20:45+00:00][debug] Rôle actif : vendeurs
[2020-01-02T13:20:45+00:00][debug] Contrôleur : index
[2020-01-02T13:20:45+00:00][debug] Action : index
[2020-01-02T13:20:46+00:00][debug] Avant accès
[2020-01-02T13:20:46+00:00][debug] Rôle actif : vendeurs
[2020-01-02T13:20:46+00:00][debug] Contrôleur : produits
[2020-01-02T13:20:46+00:00][debug] Action : nouveau
[2020-01-02T13:20:46+00:00][debug] Après accès
[2020-01-02T13:20:46+00:00][debug] Rôle actif : vendeurs
[2020-01-02T13:20:46+00:00][debug] Contrôleur : produits
[2020-01-02T13:20:46+00:00][debug] Action : nouveau
[2020-01-02T13:20:47+00:00][debug] Avant accès
[2020-01-02T13:20:47+00:00][debug] Rôle actif : vendeurs
[2020-01-02T13:20:47+00:00][debug] Contrôleur : index
[2020-01-02T13:20:47+00:00][debug] Action : index
[2020-01-02T13:20:47+00:00][debug] Après accès
[2020-01-02T13:20:47+00:00][debug] Rôle actif : vendeurs
[2020-01-02T13:20:47+00:00][debug] Contrôleur : index
[2020-01-02T13:20:47+00:00][debug] Action : index
[2020-01-02T13:20:48+00:00][debug] Avant accès
[2020-01-02T13:20:48+00:00][debug] Rôle actif : vendeurs
[2020-01-02T13:20:48+00:00][debug] Contrôleur : clients
[2020-01-02T13:20:48+00:00][debug] Action : profil
[2020-01-02T13:20:48+00:00][debug] Après accès
[2020-01-02T13:20:48+00:00][debug] Rôle actif : vendeurs
[2020-01-02T13:20:48+00:00][debug] Contrôleur : clients
[2020-01-02T13:20:48+00:00][debug] Action : profil
[2020-01-02T13:20:48+00:00][debug] Avant accès
[2020-01-02T13:20:48+00:00][debug] Rôle actif : vendeurs
[2020-01-02T13:20:48+00:00][debug] Contrôleur : erreurs
[2020-01-02T13:20:48+00:00][debug] Action : code401
[2020-01-02T13:20:48+00:00][debug] Après accès
[2020-01-02T13:20:48+00:00][debug] Rôle actif : vendeurs
[2020-01-02T13:20:48+00:00][debug] Contrôleur : erreurs
[2020-01-02T13:20:48+00:00][debug] Action : code401
[2020-01-02T13:20:49+00:00][debug] Avant accès
[2020-01-02T13:20:49+00:00][debug] Rôle actif : vendeurs
[2020-01-02T13:20:49+00:00][debug] Contrôleur : index
[2020-01-02T13:20:49+00:00][debug] Action : index
[2020-01-02T13:20:49+00:00][debug] Après accès
[2020-01-02T13:20:49+00:00][debug] Rôle actif : vendeurs
[2020-01-02T13:20:49+00:00][debug] Contrôleur : index
[2020-01-02T13:20:49+00:00][debug] Action : index
[2020-01-02T13:20:49+00:00][debug] Avant accès
[2020-01-02T13:20:49+00:00][debug] Rôle actif : vendeurs
[2020-01-02T13:20:49+00:00][debug] Contrôleur : index
[2020-01-02T13:20:49+00:00][debug] Action : deconnexion
[2020-01-02T13:20:49+00:00][debug] Après accès
[2020-01-02T13:20:49+00:00][debug] Rôle actif : vendeurs
[2020-01-02T13:20:49+00:00][debug] Contrôleur : index
[2020-01-02T13:20:49+00:00][debug] Action : deconnexion
[2020-01-02T13:20:55+00:00][debug] Avant accès
[2020-01-02T13:20:55+00:00][debug] Rôle actif : clients
[2020-01-02T13:20:55+00:00][debug] Contrôleur : index
[2020-01-02T13:20:55+00:00][debug] Action : index
[2020-01-02T13:20:55+00:00][debug] Après accès
[2020-01-02T13:20:55+00:00][debug] Rôle actif : clients
[2020-01-02T13:20:55+00:00][debug] Contrôleur : index
[2020-01-02T13:20:55+00:00][debug] Action : index
[2020-01-02T13:20:56+00:00][debug] Avant accès
[2020-01-02T13:20:56+00:00][debug] Rôle actif : clients
[2020-01-02T13:20:56+00:00][debug] Contrôleur : clients
[2020-01-02T13:20:56+00:00][debug] Action : profil
[2020-01-02T13:20:56+00:00][debug] Après accès
[2020-01-02T13:20:56+00:00][debug] Rôle actif : clients
[2020-01-02T13:20:56+00:00][debug] Contrôleur : clients
[2020-01-02T13:20:56+00:00][debug] Action : profil
[2020-01-02T13:20:57+00:00][debug] Avant accès
[2020-01-02T13:20:57+00:00][debug] Rôle actif : clients
[2020-01-02T13:20:57+00:00][debug] Contrôleur : index
[2020-01-02T13:20:57+00:00][debug] Action : index
[2020-01-02T13:20:57+00:00][debug] Après accès
[2020-01-02T13:20:57+00:00][debug] Rôle actif : clients
[2020-01-02T13:20:57+00:00][debug] Contrôleur : index
[2020-01-02T13:20:57+00:00][debug] Action : index
[2020-01-02T13:20:57+00:00][debug] Avant accès
[2020-01-02T13:20:57+00:00][debug] Rôle actif : clients
[2020-01-02T13:20:57+00:00][debug] Contrôleur : vendeurs
[2020-01-02T13:20:57+00:00][debug] Action : profil
[2020-01-02T13:20:57+00:00][debug] Après accès
[2020-01-02T13:20:57+00:00][debug] Rôle actif : clients
[2020-01-02T13:20:57+00:00][debug] Contrôleur : vendeurs
[2020-01-02T13:20:57+00:00][debug] Action : profil
[2020-01-02T13:20:57+00:00][debug] Avant accès
[2020-01-02T13:20:57+00:00][debug] Rôle actif : clients
[2020-01-02T13:20:57+00:00][debug] Contrôleur : erreurs
[2020-01-02T13:20:57+00:00][debug] Action : code401
[2020-01-02T13:20:57+00:00][debug] Après accès
[2020-01-02T13:20:57+00:00][debug] Rôle actif : clients
[2020-01-02T13:20:57+00:00][debug] Contrôleur : erreurs
[2020-01-02T13:20:57+00:00][debug] Action : code401
[2020-01-02T13:20:58+00:00][debug] Avant accès
[2020-01-02T13:20:58+00:00][debug] Rôle actif : clients
[2020-01-02T13:20:58+00:00][debug] Contrôleur : index
[2020-01-02T13:20:58+00:00][debug] Action : deconnexion
[2020-01-02T13:20:58+00:00][debug] Après accès
[2020-01-02T13:20:58+00:00][debug] Rôle actif : clients
[2020-01-02T13:20:58+00:00][debug] Contrôleur : index
[2020-01-02T13:20:58+00:00][debug] Action : deconnexion
