[Sat, 23 Nov 19 11:12:58 +0000][warning] Ajout (save) d'un utilisateur
[Sat, 23 Nov 19 11:12:58 +0000][debug] Préparation à la sauvegarde
[Sat, 23 Nov 19 11:12:58 +0000][debug] Avant validation
[Sat, 23 Nov 19 11:12:58 +0000][debug] Avant validation de création de ligne
[Sat, 23 Nov 19 11:12:58 +0000][debug] Validation
[Sat, 23 Nov 19 11:12:58 +0000][debug] Après validation de création de ligne
[Sat, 23 Nov 19 11:12:58 +0000][debug] Après validation
[Sat, 23 Nov 19 11:12:58 +0000][debug] Avant sauvegarde
[Sat, 23 Nov 19 11:12:58 +0000][debug] Avant création
[Sat, 23 Nov 19 11:12:58 +0000][debug] Après création
[Sat, 23 Nov 19 11:12:58 +0000][debug] Après ajout/modification
[Sat, 23 Nov 19 11:12:58 +0000][warning] Récupération du premier utilisateur
[Sat, 23 Nov 19 11:12:58 +0000][warning] Modification (save) d'une ligne
[Sat, 23 Nov 19 11:12:58 +0000][debug] Préparation à la sauvegarde
[Sat, 23 Nov 19 11:12:58 +0000][debug] Avant validation
[Sat, 23 Nov 19 11:12:58 +0000][debug] Avant validation d'une modification de ligne
[Sat, 23 Nov 19 11:12:58 +0000][debug] Validation
[Sat, 23 Nov 19 11:12:58 +0000][debug] Après validation de mise à jour de donnnées
[Sat, 23 Nov 19 11:12:58 +0000][debug] Après validation
[Sat, 23 Nov 19 11:12:58 +0000][debug] Avant sauvegarde
[Sat, 23 Nov 19 11:12:58 +0000][debug] Avant mise à jour
[Sat, 23 Nov 19 11:12:58 +0000][debug] Après modification
[Sat, 23 Nov 19 11:12:58 +0000][debug] Après ajout/modification
[Sat, 23 Nov 19 11:12:58 +0000][warning] Modification d'une ligne
[Sat, 23 Nov 19 11:12:58 +0000][debug] Préparation à la sauvegarde
[Sat, 23 Nov 19 11:12:58 +0000][debug] Avant validation
[Sat, 23 Nov 19 11:12:58 +0000][debug] Avant validation d'une modification de ligne
[Sat, 23 Nov 19 11:12:58 +0000][debug] Validation
[Sat, 23 Nov 19 11:12:58 +0000][debug] Après validation de mise à jour de donnnées
[Sat, 23 Nov 19 11:12:58 +0000][debug] Après validation
[Sat, 23 Nov 19 11:12:58 +0000][debug] Avant sauvegarde
[Sat, 23 Nov 19 11:12:58 +0000][debug] Avant mise à jour
[Sat, 23 Nov 19 11:12:58 +0000][debug] Après modification
[Sat, 23 Nov 19 11:12:58 +0000][debug] Après ajout/modification
[Sat, 23 Nov 19 11:12:58 +0000][warning] Création d'un nouvel utilisateur
[Sat, 23 Nov 19 11:12:58 +0000][debug] Préparation à la sauvegarde
[Sat, 23 Nov 19 11:12:58 +0000][debug] Avant validation
[Sat, 23 Nov 19 11:12:58 +0000][debug] Avant validation de création de ligne
[Sat, 23 Nov 19 11:12:58 +0000][debug] Validation a échoué
[Sat, 23 Nov 19 11:12:58 +0000][warning] Suppression d'un utilisateur
[Sat, 23 Nov 19 11:12:58 +0000][debug] Avant suppression
[Sat, 23 Nov 19 11:12:58 +0000][debug] Après suppression